<?xml version="1.0" encoding="UTF-8"?>
<testng-results ignored="0" total="1" passed="1" failed="0" skipped="0">
  <reporter-output>
  </reporter-output>
  <suite started-at="2023-08-22T10:40:20 IST" name="Default suite" finished-at="2023-08-22T10:40:21 IST" duration-ms="1306">
    <groups>
    </groups>
    <test started-at="2023-08-22T10:40:20 IST" name="Default test" finished-at="2023-08-22T10:40:21 IST" duration-ms="1306">
      <class name="in.amazon.ApiTestAssured.GETDemoBearerToken">
        <test-method signature="verifyResource()[pri:0, instance:in.amazon.ApiTestAssured.GETDemoBearerToken@3f4faf53]" started-at="2023-08-22T10:40:20 IST" name="verifyResource" finished-at="2023-08-22T10:40:21 IST" duration-ms="1272" status="PASS">
          <reporter-output>
          </reporter-output>
        </test-method> <!-- verifyResource -->
      </class> <!-- in.amazon.ApiTestAssured.GETDemoBearerToken -->
    </test> <!-- Default test -->
  </suite> <!-- Default suite -->
</testng-results>
