<?xml version="1.0" encoding="UTF-8"?>
<testng-results ignored="0" total="1" passed="1" failed="0" skipped="0">
  <reporter-output>
  </reporter-output>
  <suite started-at="2023-08-24T11:59:11 IST" name="Default suite" finished-at="2023-08-24T11:59:18 IST" duration-ms="6575">
    <groups>
    </groups>
    <test started-at="2023-08-24T11:59:11 IST" name="Default test" finished-at="2023-08-24T11:59:18 IST" duration-ms="6575">
      <class name="in.sportyshoes.testscripts.BuyShoes">
        <test-method is-config="true" signature="launchAplication()[pri:0, instance:in.sportyshoes.testscripts.BuyShoes@2eae8e6e]" started-at="2023-08-24T11:59:11 IST" name="launchAplication" finished-at="2023-08-24T11:59:13 IST" duration-ms="2022" status="PASS">
          <reporter-output>
          </reporter-output>
        </test-method> <!-- launchAplication -->
        <test-method signature="buyShoes()[pri:0, instance:in.sportyshoes.testscripts.BuyShoes@2eae8e6e]" started-at="2023-08-24T11:59:13 IST" name="buyShoes" finished-at="2023-08-24T11:59:18 IST" duration-ms="4519" status="PASS">
          <reporter-output>
          </reporter-output>
        </test-method> <!-- buyShoes -->
      </class> <!-- in.sportyshoes.testscripts.BuyShoes -->
    </test> <!-- Default test -->
  </suite> <!-- Default suite -->
</testng-results>
