<?xml version="1.0" encoding="UTF-8"?>
<testng-results ignored="0" total="1" passed="1" failed="0" skipped="0">
  <reporter-output>
  </reporter-output>
  <suite started-at="2023-08-24T13:40:53 IST" name="Default suite" finished-at="2023-08-24T13:40:54 IST" duration-ms="1178">
    <groups>
    </groups>
    <test started-at="2023-08-24T13:40:53 IST" name="Default test" finished-at="2023-08-24T13:40:54 IST" duration-ms="1178">
      <class name="in.sportyshoes.ApiTestAssured.POSTDemo">
        <test-method signature="getServerResponse()[pri:0, instance:in.sportyshoes.ApiTestAssured.POSTDemo@3f4faf53]" started-at="2023-08-24T13:40:53 IST" name="getServerResponse" finished-at="2023-08-24T13:40:54 IST" duration-ms="1138" status="PASS">
          <reporter-output>
          </reporter-output>
        </test-method> <!-- getServerResponse -->
      </class> <!-- in.sportyshoes.ApiTestAssured.POSTDemo -->
    </test> <!-- Default test -->
  </suite> <!-- Default suite -->
</testng-results>
